f:\1. university files\studio 1\tinyraster\tinyraster\x64\debug\vc141.pdb
f:\1. university files\studio 1\tinyraster\tinyraster\x64\debug\vc141.idb
f:\1. university files\studio 1\tinyraster\tinyraster\x64\debug\assignmenttests.obj
f:\1. university files\studio 1\tinyraster\tinyraster\x64\debug\framebuffer.obj
f:\1. university files\studio 1\tinyraster\tinyraster\x64\debug\testapplication.obj
f:\1. university files\studio 1\tinyraster\tinyraster\x64\debug\appwindow.obj
f:\1. university files\studio 1\tinyraster\tinyraster\x64\debug\rasterizer.obj
f:\1. university files\studio 1\tinyraster\tinyraster\x64\debug\tinyrastermain.obj
f:\1. university files\studio 1\tinyraster\tinyraster\x64\debug\vector2.obj
f:\1. university files\studio 1\tinyraster\tinyraster\x64\debug\vector3.obj
f:\1. university files\studio 1\tinyraster\tinyraster\x64\debug\vector4.obj
f:\1. university files\studio 1\tinyraster\x64\debug\tinyraster.exe
f:\1. university files\studio 1\tinyraster\x64\debug\tinyraster.ilk
f:\1. university files\studio 1\tinyraster\x64\debug\tinyraster.pdb
f:\1. university files\studio 1\tinyraster\tinyraster\x64\debug\tinyraster.res
f:\1. university files\studio 1\tinyraster\tinyraster\x64\debug\tinyraster.tlog\cl.command.1.tlog
f:\1. university files\studio 1\tinyraster\tinyraster\x64\debug\tinyraster.tlog\cl.read.1.tlog
f:\1. university files\studio 1\tinyraster\tinyraster\x64\debug\tinyraster.tlog\cl.write.1.tlog
f:\1. university files\studio 1\tinyraster\tinyraster\x64\debug\tinyraster.tlog\link.command.1.tlog
f:\1. university files\studio 1\tinyraster\tinyraster\x64\debug\tinyraster.tlog\link.read.1.tlog
f:\1. university files\studio 1\tinyraster\tinyraster\x64\debug\tinyraster.tlog\link.write.1.tlog
f:\1. university files\studio 1\tinyraster\tinyraster\x64\debug\tinyraster.tlog\rc.command.1.tlog
f:\1. university files\studio 1\tinyraster\tinyraster\x64\debug\tinyraster.tlog\rc.read.1.tlog
f:\1. university files\studio 1\tinyraster\tinyraster\x64\debug\tinyraster.tlog\rc.write.1.tlog
