  Rasterizer.cpp
Rasterizer.cpp(127): warning C4244: 'initializing': conversion from 'float' to 'int', possible loss of data
Rasterizer.cpp(128): warning C4244: 'initializing': conversion from 'float' to 'int', possible loss of data
Rasterizer.cpp(151): warning C4244: 'initializing': conversion from 'float' to 'int', possible loss of data
Rasterizer.cpp(152): warning C4244: 'initializing': conversion from 'float' to 'int', possible loss of data
Rasterizer.cpp(158): warning C4244: 'initializing': conversion from 'float' to 'int', possible loss of data
Rasterizer.cpp(159): warning C4244: 'initializing': conversion from 'float' to 'int', possible loss of data
Rasterizer.cpp(160): warning C4244: 'initializing': conversion from 'float' to 'int', possible loss of data
Rasterizer.cpp(173): warning C4244: 'argument': conversion from 'int' to 'float', possible loss of data
Rasterizer.cpp(187): warning C4244: 'initializing': conversion from 'double' to 'int', possible loss of data
Rasterizer.cpp(191): warning C4244: 'argument': conversion from 'int' to 'float', possible loss of data
Rasterizer.cpp(193): warning C4244: 'argument': conversion from 'int' to 'float', possible loss of data
Rasterizer.cpp(197): warning C4244: 'argument': conversion from 'int' to 'float', possible loss of data
Rasterizer.cpp(199): warning C4244: 'argument': conversion from 'int' to 'float', possible loss of data
  Generating code
  6 of 180 functions ( 3.3%) were compiled, the rest were copied from previous compilation.
    0 functions were new in current compilation
    2 functions had inline decision re-evaluated but remain unchanged
  Finished generating code
  TinyRaster.vcxproj -> C:\Users\u1661665\Downloads\TinyRaster\TinyRaster\Release\TinyRaster.exe
  TinyRaster.vcxproj -> C:\Users\u1661665\Downloads\TinyRaster\TinyRaster\Release\TinyRaster.pdb (Full PDB)
